[debug] [2022-02-02T14:47:54.421Z] ----------------------------------------------------------------------
[debug] [2022-02-02T14:47:54.424Z] Command:       C:\Program Files\nodejs\node.exe C:\Users\Bertrand\AppData\Roaming\npm\node_modules\firebase-tools\lib\bin\firebase.js init
[debug] [2022-02-02T14:47:54.425Z] CLI Version:   10.1.4
[debug] [2022-02-02T14:47:54.425Z] Platform:      win32
[debug] [2022-02-02T14:47:54.426Z] Node Version:  v16.13.1
[debug] [2022-02-02T14:47:54.427Z] Time:          Wed Feb 02 2022 15:47:54 GMT+0100 (Central European Standard Time)
[debug] [2022-02-02T14:47:54.428Z] ----------------------------------------------------------------------
[debug] 
[debug] [2022-02-02T14:47:54.545Z] > command requires scopes: ["email","openid","https://www.googleapis.com/auth/cloudplatformprojects.readonly","https://www.googleapis.com/auth/firebase","https://www.googleapis.com/auth/cloud-platform"]
[debug] [2022-02-02T14:47:54.545Z] > authorizing via signed-in user (b.niyonkuru27@gmail.com)
[info] 
     ######## #### ########  ######## ########     ###     ######  ########
     ##        ##  ##     ## ##       ##     ##  ##   ##  ##       ##
     ######    ##  ########  ######   ########  #########  ######  ######
     ##        ##  ##    ##  ##       ##     ## ##     ##       ## ##
     ##       #### ##     ## ######## ########  ##     ##  ######  ########

You're about to initialize a Firebase project in this directory:

  C:\Users\Bertrand\Desktop\aubin\easybuy

Before we get started, keep in mind:

  * You are initializing within an existing Firebase project directory

[debug] [2022-02-04T08:06:00.082Z] Error: kill ENOSYS
    at process.kill (node:internal/process/per_thread:215:13)
    at process.listener (C:\Users\Bertrand\AppData\Roaming\npm\node_modules\firebase-tools\node_modules\signal-exit\index.js:95:15)
    at process.emit (node:events:390:28)
[error] 
[error] Error: An unexpected error has occurred.
